<?xml version="1.0" encoding="UTF-8"?>
<!-- Generated by org.testng.reporters.JUnitReportReporter -->
<testsuite hostname="MSI" failures="0" tests="2" name="testNG.QuickTest" time="0.003" errors="0" timestamp="2022-07-09T21:35:52 IST" skipped="0">
  <testcase classname="testNG.QuickTest" name="test1" time="0.001"/>
  <system-out/>
  <testcase classname="testNG.QuickTest" name="test2" time="0.002"/>
  <system-out/>
</testsuite> <!-- testNG.QuickTest -->
